Determining if the pthread_create exist failed with the following output:
Change Dir: /home/sahilsaxena/ros_workspaces/lab3/build/CMakeFiles/CMakeTmp

Run Build Command:"/usr/bin/make" "cmTC_2da56/fast"
/usr/bin/make -f CMakeFiles/cmTC_2da56.dir/build.make CMakeFiles/cmTC_2da56.dir/build
make[1]: Entering directory '/home/sahilsaxena/ros_workspaces/lab3/build/CMakeFiles/CMakeTmp'
Building C object CMakeFiles/cmTC_2da56.dir/CheckSymbolExists.c.o
/usr/bin/cc     -o CMakeFiles/cmTC_2da56.dir/CheckSymbolExists.c.o   -c /home/sahilsaxena/ros_workspaces/lab3/build/CMakeFiles/CMakeTmp/CheckSymbolExists.c
Linking C executable cmTC_2da56
/usr/bin/cmake -E cmake_link_script CMakeFiles/cmTC_2da56.dir/link.txt --verbose=1
/usr/bin/cc       CMakeFiles/cmTC_2da56.dir/CheckSymbolExists.c.o  -o cmTC_2da56 -rdynamic 
CMakeFiles/cmTC_2da56.dir/CheckSymbolExists.c.o: In function `main':
CheckSymbolExists.c:(.text+0x16): undefined reference to `pthread_create'
collect2: error: ld returned 1 exit status
CMakeFiles/cmTC_2da56.dir/build.make:97: recipe for target 'cmTC_2da56' failed
make[1]: *** [cmTC_2da56] Error 1
make[1]: Leaving directory '/home/sahilsaxena/ros_workspaces/lab3/build/CMakeFiles/CMakeTmp'
Makefile:126: recipe for target 'cmTC_2da56/fast' failed
make: *** [cmTC_2da56/fast] Error 2

File /home/sahilsaxena/ros_workspaces/lab3/build/CMakeFiles/CMakeTmp/CheckSymbolExists.c:
/* */
#include <pthread.h>

int main(int argc, char** argv)
{
  (void)argv;
#ifndef pthread_create
  return ((int*)(&pthread_create))[argc];
#else
  (void)argc;
  return 0;
#endif
}

Determining if the function pthread_create exists in the pthreads failed with the following output:
Change Dir: /home/sahilsaxena/ros_workspaces/lab3/build/CMakeFiles/CMakeTmp

Run Build Command:"/usr/bin/make" "cmTC_23900/fast"
/usr/bin/make -f CMakeFiles/cmTC_23900.dir/build.make CMakeFiles/cmTC_23900.dir/build
make[1]: Entering directory '/home/sahilsaxena/ros_workspaces/lab3/build/CMakeFiles/CMakeTmp'
Building C object CMakeFiles/cmTC_23900.dir/CheckFunctionExists.c.o
/usr/bin/cc    -DCHECK_FUNCTION_EXISTS=pthread_create   -o CMakeFiles/cmTC_23900.dir/CheckFunctionExists.c.o   -c /usr/share/cmake-3.5/Modules/CheckFunctionExists.c
Linking C executable cmTC_23900
/usr/bin/cmake -E cmake_link_script CMakeFiles/cmTC_23900.dir/link.txt --verbose=1
/usr/bin/cc   -DCHECK_FUNCTION_EXISTS=pthread_create    CMakeFiles/cmTC_23900.dir/CheckFunctionExists.c.o  -o cmTC_23900 -rdynamic -lpthreads 
/usr/bin/ld: cannot find -lpthreads
collect2: error: ld returned 1 exit status
CMakeFiles/cmTC_23900.dir/build.make:97: recipe for target 'cmTC_23900' failed
make[1]: *** [cmTC_23900] Error 1
make[1]: Leaving directory '/home/sahilsaxena/ros_workspaces/lab3/build/CMakeFiles/CMakeTmp'
Makefile:126: recipe for target 'cmTC_23900/fast' failed
make: *** [cmTC_23900/fast] Error 2


