Determining if the pthread_create exist failed with the following output:
Change Dir: /home/sahilsaxena/ros_workspaces/lab5/build/CMakeFiles/CMakeTmp

Run Build Command:"/usr/bin/make" "cmTC_82988/fast"
/usr/bin/make -f CMakeFiles/cmTC_82988.dir/build.make CMakeFiles/cmTC_82988.dir/build
make[1]: Entering directory '/home/sahilsaxena/ros_workspaces/lab5/build/CMakeFiles/CMakeTmp'
Building C object CMakeFiles/cmTC_82988.dir/CheckSymbolExists.c.o
/usr/bin/cc     -o CMakeFiles/cmTC_82988.dir/CheckSymbolExists.c.o   -c /home/sahilsaxena/ros_workspaces/lab5/build/CMakeFiles/CMakeTmp/CheckSymbolExists.c
Linking C executable cmTC_82988
/usr/bin/cmake -E cmake_link_script CMakeFiles/cmTC_82988.dir/link.txt --verbose=1
/usr/bin/cc       CMakeFiles/cmTC_82988.dir/CheckSymbolExists.c.o  -o cmTC_82988 -rdynamic 
CMakeFiles/cmTC_82988.dir/CheckSymbolExists.c.o: In function `main':
CheckSymbolExists.c:(.text+0x16): undefined reference to `pthread_create'
collect2: error: ld returned 1 exit status
CMakeFiles/cmTC_82988.dir/build.make:97: recipe for target 'cmTC_82988' failed
make[1]: *** [cmTC_82988] Error 1
make[1]: Leaving directory '/home/sahilsaxena/ros_workspaces/lab5/build/CMakeFiles/CMakeTmp'
Makefile:126: recipe for target 'cmTC_82988/fast' failed
make: *** [cmTC_82988/fast] Error 2

File /home/sahilsaxena/ros_workspaces/lab5/build/CMakeFiles/CMakeTmp/CheckSymbolExists.c:
/* */
#include <pthread.h>

int main(int argc, char** argv)
{
  (void)argv;
#ifndef pthread_create
  return ((int*)(&pthread_create))[argc];
#else
  (void)argc;
  return 0;
#endif
}

Determining if the function pthread_create exists in the pthreads failed with the following output:
Change Dir: /home/sahilsaxena/ros_workspaces/lab5/build/CMakeFiles/CMakeTmp

Run Build Command:"/usr/bin/make" "cmTC_48fc2/fast"
/usr/bin/make -f CMakeFiles/cmTC_48fc2.dir/build.make CMakeFiles/cmTC_48fc2.dir/build
make[1]: Entering directory '/home/sahilsaxena/ros_workspaces/lab5/build/CMakeFiles/CMakeTmp'
Building C object CMakeFiles/cmTC_48fc2.dir/CheckFunctionExists.c.o
/usr/bin/cc    -DCHECK_FUNCTION_EXISTS=pthread_create   -o CMakeFiles/cmTC_48fc2.dir/CheckFunctionExists.c.o   -c /usr/share/cmake-3.5/Modules/CheckFunctionExists.c
Linking C executable cmTC_48fc2
/usr/bin/cmake -E cmake_link_script CMakeFiles/cmTC_48fc2.dir/link.txt --verbose=1
/usr/bin/cc   -DCHECK_FUNCTION_EXISTS=pthread_create    CMakeFiles/cmTC_48fc2.dir/CheckFunctionExists.c.o  -o cmTC_48fc2 -rdynamic -lpthreads 
/usr/bin/ld: cannot find -lpthreads
collect2: error: ld returned 1 exit status
CMakeFiles/cmTC_48fc2.dir/build.make:97: recipe for target 'cmTC_48fc2' failed
make[1]: *** [cmTC_48fc2] Error 1
make[1]: Leaving directory '/home/sahilsaxena/ros_workspaces/lab5/build/CMakeFiles/CMakeTmp'
Makefile:126: recipe for target 'cmTC_48fc2/fast' failed
make: *** [cmTC_48fc2/fast] Error 2


